<?xml version="1.0" encoding="UTF-8"?>
<testng-results ignored="0" total="1" passed="1" failed="0" skipped="0">
  <reporter-output>
  </reporter-output>
  <suite started-at="2020-10-30T07:42:02Z" name="Default suite" finished-at="2020-10-30T07:43:15Z" duration-ms="72942">
    <groups>
    </groups>
    <test started-at="2020-10-30T07:42:02Z" name="Default test" finished-at="2020-10-30T07:43:15Z" duration-ms="72942">
      <class name="extnreport.extnrpt">
        <test-method is-config="true" signature="openreport()[pri:0, instance:extnreport.extnrpt@771a660]" started-at="2020-10-30T07:42:02Z" name="openreport" finished-at="2020-10-30T07:42:02Z" duration-ms="271" status="PASS">
          <reporter-output>
          </reporter-output>
        </test-method> <!-- openreport -->
        <test-method signature="login()[pri:0, instance:extnreport.extnrpt@771a660]" started-at="2020-10-30T07:42:02Z" name="login" finished-at="2020-10-30T07:43:14Z" duration-ms="71467" status="PASS">
          <reporter-output>
          </reporter-output>
        </test-method> <!-- login -->
        <test-method is-config="true" signature="end()[pri:0, instance:extnreport.extnrpt@771a660]" started-at="2020-10-30T07:43:14Z" name="end" finished-at="2020-10-30T07:43:15Z" duration-ms="1136" status="PASS">
          <reporter-output>
          </reporter-output>
        </test-method> <!-- end -->
      </class> <!-- extnreport.extnrpt -->
    </test> <!-- Default test -->
  </suite> <!-- Default suite -->
</testng-results>
