<?xml version="1.0" encoding="UTF-8"?>
<!-- Generated by org.testng.reporters.JUnitXMLReporter -->
<testsuite ignored="0" hostname="hp-PC" failures="1" tests="1" name="Test" time="16.792" errors="0" timestamp="29 Oct 2020 17:44:25 GMT">
  <testcase classname="extnreport.extnrpt" name="@AfterTest end" time="0.001">
    <failure type="java.lang.NullPointerException">
      <![CDATA[java.lang.NullPointerException
at extnreport.extnrpt.end(extnrpt.java:73)
... Removed 24 stack frames]]>
    </failure>
  </testcase> <!-- @AfterTest end -->
  <testcase classname="extnreport.extnrpt" name="login" time="16.495">
    <failure type="java.lang.NullPointerException">
      <![CDATA[java.lang.NullPointerException
at extnreport.extnrpt.login(extnrpt.java:49)
... Removed 25 stack frames]]>
    </failure>
  </testcase> <!-- login -->
</testsuite> <!-- Test -->
